Aug 22 11:28:47.360 INFO: manager: 2.0.2
Aug 22 11:28:47.360 INFO: manager: Copyright (C) 2003-2024, Noriaki Ando and OpenRTM development team,
Aug 22 11:28:47.360 INFO: manager:   Intelligent Systems Research Institute, AIST,
Aug 22 11:28:47.360 INFO: manager: Copyright (C) 2024, Noriaki Ando and OpenRTM development team,
Aug 22 11:28:47.360 INFO: manager:   Industrial Cyber-Physical Research Center, AIST,
Aug 22 11:28:47.360 INFO: manager:   All right reserved.
Aug 22 11:28:47.360 INFO: manager: Manager starting.
Aug 22 11:28:47.360 INFO: manager: Starting local logging.
Aug 22 11:28:47.374 WARNING: NamingOnCorba: No endpoint for the CORBA naming service (localhost) was found.
Aug 22 11:28:47.374 INFO: NamingManager: NameServer connection succeeded: corba/localhost
Aug 22 11:28:47.375 INFO: ManagerServant: Named manager reference (INS) was successfully created.
Aug 22 11:28:47.376 WARNING: ManagerServant: Master manager not found
Aug 22 11:28:47.378 INFO: LocalServiceAdmin: All the local services are enabled.
Aug 22 11:28:47.395 INFO: ec_base: setRate(1000000.000000) done
Aug 22 11:28:47.395 INFO: ec_base: setRate(1000.000000) done
Aug 22 11:28:47.395 INFO: SFMLJoystickToVelocity20: 1 execution context was created.
Aug 22 11:28:47.396 INFO: SFMLJoystickToVelocity20: Initial active configuration set is default.
Aug 22 11:28:57.413 INFO: ManagerServant: Master manager not found
Aug 22 11:29:07.425 INFO: ManagerServant: Master manager not found
Aug 22 11:29:17.438 INFO: ManagerServant: Master manager not found
Aug 22 11:29:27.449 INFO: ManagerServant: Master manager not found
Aug 22 11:29:37.462 INFO: ManagerServant: Master manager not found
Aug 22 11:29:47.474 INFO: ManagerServant: Master manager not found
Aug 22 11:29:57.486 INFO: ManagerServant: Master manager not found
Aug 22 11:30:07.496 INFO: ManagerServant: Master manager not found
Aug 22 11:30:17.507 INFO: NamingManager: Name server: localhost (corba) disappeared.
Aug 22 11:30:17.509 INFO: ManagerServant: Master manager not found
Aug 22 11:30:27.520 INFO: NamingManager: NameServer connection failed: corba/localhost
Aug 22 11:30:27.522 INFO: ManagerServant: Master manager not found
Aug 22 11:30:37.533 INFO: NamingManager: NameServer connection failed: corba/localhost
Aug 22 11:30:37.534 INFO: ManagerServant: Master manager not found
Aug 22 11:30:47.545 INFO: NamingManager: NameServer connection failed: corba/localhost
Aug 22 11:30:47.547 INFO: ManagerServant: Master manager not found
Aug 22 11:30:57.557 INFO: NamingManager: NameServer connection failed: corba/localhost
Aug 22 11:30:57.558 INFO: ManagerServant: Master manager not found
Aug 22 11:31:07.569 INFO: NamingManager: NameServer connection failed: corba/localhost
Aug 22 11:31:07.571 INFO: ManagerServant: Master manager not found
Aug 22 11:31:17.584 INFO: NamingManager: NameServer connection failed: corba/localhost
Aug 22 11:31:17.585 INFO: ManagerServant: Master manager not found
Aug 22 11:31:27.594 INFO: NamingManager: NameServer connection failed: corba/localhost
Aug 22 11:31:27.594 INFO: ManagerServant: Master manager not found
Aug 22 11:31:37.605 INFO: NamingManager: NameServer connection failed: corba/localhost
Aug 22 11:31:37.607 INFO: ManagerServant: Master manager not found
Aug 22 11:31:47.617 INFO: NamingManager: NameServer connection failed: corba/localhost
Aug 22 11:31:47.619 INFO: ManagerServant: Master manager not found
Aug 22 11:31:57.627 INFO: NamingManager: NameServer connection failed: corba/localhost
Aug 22 11:31:57.629 INFO: ManagerServant: Master manager not found
Aug 22 11:32:07.639 INFO: NamingManager: NameServer connection failed: corba/localhost
Aug 22 11:32:07.640 INFO: ManagerServant: Master manager not found
Aug 22 11:32:17.651 INFO: NamingManager: NameServer connection failed: corba/localhost
Aug 22 11:32:17.652 INFO: ManagerServant: Master manager not found
Aug 22 11:32:27.664 INFO: NamingManager: NameServer connection failed: corba/localhost
Aug 22 11:32:27.665 INFO: ManagerServant: Master manager not found
Aug 22 11:32:37.676 INFO: NamingManager: NameServer connection failed: corba/localhost
Aug 22 11:32:37.677 INFO: ManagerServant: Master manager not found
Aug 22 11:32:47.688 INFO: NamingManager: NameServer connection failed: corba/localhost
Aug 22 11:32:47.689 INFO: ManagerServant: Master manager not found
Aug 22 11:32:57.697 INFO: NamingManager: NameServer connection failed: corba/localhost
Aug 22 11:32:57.699 INFO: ManagerServant: Master manager not found
Aug 22 11:33:07.705 INFO: NamingManager: NameServer connection failed: corba/localhost
Aug 22 11:33:07.705 INFO: ManagerServant: Master manager not found
Aug 22 11:33:17.715 INFO: NamingManager: NameServer connection failed: corba/localhost
Aug 22 11:33:17.717 INFO: ManagerServant: Master manager not found
Aug 22 11:33:27.724 INFO: NamingManager: NameServer connection failed: corba/localhost
Aug 22 11:33:27.724 INFO: ManagerServant: Master manager not found
Aug 22 11:33:37.735 INFO: NamingManager: NameServer connection failed: corba/localhost
Aug 22 11:33:37.736 INFO: ManagerServant: Master manager not found
Aug 22 11:33:47.745 INFO: NamingManager: NameServer connection failed: corba/localhost
Aug 22 11:33:47.747 INFO: ManagerServant: Master manager not found
Aug 22 11:33:57.756 INFO: NamingManager: NameServer connection failed: corba/localhost
Aug 22 11:33:57.757 INFO: ManagerServant: Master manager not found
Aug 22 11:34:07.767 INFO: NamingManager: NameServer connection failed: corba/localhost
Aug 22 11:34:07.769 INFO: ManagerServant: Master manager not found
Aug 22 11:34:17.778 INFO: NamingManager: NameServer connection failed: corba/localhost
Aug 22 11:34:17.780 INFO: ManagerServant: Master manager not found
