Aug 22 11:19:51.651 INFO: manager: 2.0.2
Aug 22 11:19:51.652 INFO: manager: Copyright (C) 2003-2024, Noriaki Ando and OpenRTM development team,
Aug 22 11:19:51.652 INFO: manager:   Intelligent Systems Research Institute, AIST,
Aug 22 11:19:51.652 INFO: manager: Copyright (C) 2024, Noriaki Ando and OpenRTM development team,
Aug 22 11:19:51.652 INFO: manager:   Industrial Cyber-Physical Research Center, AIST,
Aug 22 11:19:51.652 INFO: manager:   All right reserved.
Aug 22 11:19:51.652 INFO: manager: Manager starting.
Aug 22 11:19:51.652 INFO: manager: Starting local logging.
Aug 22 11:19:51.668 WARNING: NamingOnCorba: No endpoint for the CORBA naming service (localhost) was found.
Aug 22 11:19:51.668 INFO: NamingManager: NameServer connection succeeded: corba/localhost
Aug 22 11:19:51.669 INFO: ManagerServant: Named manager reference (INS) was successfully created.
Aug 22 11:19:51.670 WARNING: ManagerServant: Master manager not found
Aug 22 11:19:51.673 INFO: LocalServiceAdmin: All the local services are enabled.
Aug 22 11:19:51.678 INFO: ec_base: setRate(1000000.000000) done
Aug 22 11:19:51.678 INFO: ec_base: setRate(1000.000000) done
Aug 22 11:19:51.678 INFO: SFMLJoystickToVelocity20: 1 execution context was created.
Aug 22 11:19:51.678 INFO: SFMLJoystickToVelocity20: Initial active configuration set is default.
Aug 22 11:20:01.694 INFO: ManagerServant: Master manager not found
Aug 22 11:20:11.705 INFO: ManagerServant: Master manager not found
Aug 22 11:20:21.714 INFO: ManagerServant: Master manager not found
Aug 22 11:20:31.726 INFO: ManagerServant: Master manager not found
Aug 22 11:20:41.737 INFO: ManagerServant: Master manager not found
Aug 22 11:20:51.750 INFO: ManagerServant: Master manager not found
Aug 22 11:21:01.761 INFO: ManagerServant: Master manager not found
Aug 22 11:21:11.771 INFO: ManagerServant: Master manager not found
Aug 22 11:21:21.781 INFO: ManagerServant: Master manager not found
Aug 22 11:21:31.791 INFO: ManagerServant: Master manager not found
Aug 22 11:21:41.803 INFO: ManagerServant: Master manager not found
Aug 22 11:21:51.813 INFO: ManagerServant: Master manager not found
Aug 22 11:22:01.824 INFO: ManagerServant: Master manager not found
Aug 22 11:22:11.833 INFO: ManagerServant: Master manager not found
Aug 22 11:22:21.843 INFO: ManagerServant: Master manager not found
