Aug 22 11:24:15.013 INFO: manager: 2.0.2
Aug 22 11:24:15.013 INFO: manager: Copyright (C) 2003-2024, Noriaki Ando and OpenRTM development team,
Aug 22 11:24:15.013 INFO: manager:   Intelligent Systems Research Institute, AIST,
Aug 22 11:24:15.013 INFO: manager: Copyright (C) 2024, Noriaki Ando and OpenRTM development team,
Aug 22 11:24:15.013 INFO: manager:   Industrial Cyber-Physical Research Center, AIST,
Aug 22 11:24:15.013 INFO: manager:   All right reserved.
Aug 22 11:24:15.013 INFO: manager: Manager starting.
Aug 22 11:24:15.013 INFO: manager: Starting local logging.
Aug 22 11:24:15.028 WARNING: NamingOnCorba: No endpoint for the CORBA naming service (localhost) was found.
Aug 22 11:24:15.028 INFO: NamingManager: NameServer connection succeeded: corba/localhost
Aug 22 11:24:15.029 INFO: ManagerServant: Named manager reference (INS) was successfully created.
Aug 22 11:24:15.031 WARNING: ManagerServant: Master manager not found
Aug 22 11:24:15.033 INFO: LocalServiceAdmin: All the local services are enabled.
Aug 22 11:24:15.048 INFO: ec_base: setRate(1000000.000000) done
Aug 22 11:24:15.048 INFO: ec_base: setRate(1000.000000) done
Aug 22 11:24:15.048 INFO: SFMLJoystickToVelocity20: 1 execution context was created.
Aug 22 11:24:15.049 INFO: SFMLJoystickToVelocity20: Initial active configuration set is default.
Aug 22 11:24:25.065 INFO: ManagerServant: Master manager not found
Aug 22 11:24:35.076 INFO: ManagerServant: Master manager not found
Aug 22 11:24:45.085 INFO: ManagerServant: Master manager not found
Aug 22 11:24:55.093 INFO: ManagerServant: Master manager not found
Aug 22 11:25:05.106 INFO: ManagerServant: Master manager not found
Aug 22 11:25:15.116 INFO: ManagerServant: Master manager not found
Aug 22 11:25:25.125 INFO: ManagerServant: Master manager not found
