Aug 22 11:25:33.721 INFO: manager: 2.0.2
Aug 22 11:25:33.721 INFO: manager: Copyright (C) 2003-2024, Noriaki Ando and OpenRTM development team,
Aug 22 11:25:33.721 INFO: manager:   Intelligent Systems Research Institute, AIST,
Aug 22 11:25:33.721 INFO: manager: Copyright (C) 2024, Noriaki Ando and OpenRTM development team,
Aug 22 11:25:33.721 INFO: manager:   Industrial Cyber-Physical Research Center, AIST,
Aug 22 11:25:33.721 INFO: manager:   All right reserved.
Aug 22 11:25:33.721 INFO: manager: Manager starting.
Aug 22 11:25:33.721 INFO: manager: Starting local logging.
Aug 22 11:25:33.724 WARNING: NamingOnCorba: No endpoint for the CORBA naming service (localhost) was found.
Aug 22 11:25:33.724 INFO: NamingManager: NameServer connection succeeded: corba/localhost
Aug 22 11:25:33.725 INFO: ManagerServant: Named manager reference (INS) was successfully created.
Aug 22 11:25:33.725 WARNING: ManagerServant: Master manager not found
Aug 22 11:25:33.725 INFO: LocalServiceAdmin: All the local services are enabled.
Aug 22 11:25:33.730 INFO: ec_base: setRate(1000000.000000) done
Aug 22 11:25:33.730 INFO: ec_base: setRate(1000.000000) done
Aug 22 11:25:33.730 INFO: SFMLJoystickToVelocity20: 1 execution context was created.
Aug 22 11:25:33.730 INFO: SFMLJoystickToVelocity20: Initial active configuration set is default.
Aug 22 11:25:43.744 INFO: ManagerServant: Master manager not found
Aug 22 11:25:53.753 INFO: ManagerServant: Master manager not found
Aug 22 11:26:03.766 INFO: ManagerServant: Master manager not found
Aug 22 11:26:13.774 INFO: ManagerServant: Master manager not found
Aug 22 11:26:23.784 INFO: ManagerServant: Master manager not found
Aug 22 11:26:33.793 INFO: ManagerServant: Master manager not found
Aug 22 11:26:43.802 INFO: ManagerServant: Master manager not found
Aug 22 11:26:53.813 INFO: ManagerServant: Master manager not found
Aug 22 11:27:03.823 INFO: ManagerServant: Master manager not found
Aug 22 11:27:13.834 INFO: ManagerServant: Master manager not found
Aug 22 11:27:23.842 INFO: ManagerServant: Master manager not found
Aug 22 11:27:33.851 INFO: ManagerServant: Master manager not found
Aug 22 11:27:43.863 INFO: ManagerServant: Master manager not found
Aug 22 11:27:53.870 INFO: ManagerServant: Master manager not found
Aug 22 11:28:03.883 INFO: ManagerServant: Master manager not found
Aug 22 11:28:13.895 INFO: ManagerServant: Master manager not found
Aug 22 11:28:23.906 INFO: ManagerServant: Master manager not found
Aug 22 11:28:33.916 INFO: ManagerServant: Master manager not found
