Aug 22 11:19:19.855 INFO: manager: 2.0.2
Aug 22 11:19:19.855 INFO: manager: Copyright (C) 2003-2024, Noriaki Ando and OpenRTM development team,
Aug 22 11:19:19.855 INFO: manager:   Intelligent Systems Research Institute, AIST,
Aug 22 11:19:19.855 INFO: manager: Copyright (C) 2024, Noriaki Ando and OpenRTM development team,
Aug 22 11:19:19.855 INFO: manager:   Industrial Cyber-Physical Research Center, AIST,
Aug 22 11:19:19.855 INFO: manager:   All right reserved.
Aug 22 11:19:19.855 INFO: manager: Manager starting.
Aug 22 11:19:19.855 INFO: manager: Starting local logging.
Aug 22 11:19:19.858 WARNING: NamingOnCorba: No endpoint for the CORBA naming service (localhost) was found.
Aug 22 11:19:19.858 INFO: NamingManager: NameServer connection succeeded: corba/localhost
Aug 22 11:19:19.859 INFO: ManagerServant: Named manager reference (INS) was successfully created.
Aug 22 11:19:19.859 WARNING: ManagerServant: Master manager not found
Aug 22 11:19:19.859 INFO: LocalServiceAdmin: All the local services are enabled.
Aug 22 11:19:19.863 ERROR: ModuleManager: Specified symbol TestRos2SerializerInit not found.
Aug 22 11:19:19.863 ERROR: manager: Symbol not found: TestRos2SerializerInit
Aug 22 11:19:19.864 INFO: ec_base: setRate(1000000.000000) done
Aug 22 11:19:19.864 INFO: ec_base: setRate(1000.000000) done
Aug 22 11:19:19.864 INFO: SFMLJoystickToVelocity20: 1 execution context was created.
Aug 22 11:19:19.864 INFO: SFMLJoystickToVelocity20: Initial active configuration set is default.
Aug 22 11:19:19.865 ERROR: velocity: velocity is illegal marshaling type.
Aug 22 11:19:19.865 ERROR: velocity: publishInterfaces() in notify_connect() failed.
Aug 22 11:19:19.865 ERROR: velocity: velocity is illegal marshaling type.
Aug 22 11:19:19.865 ERROR: velocity: subscribeInterfaces() in notify_connect() failed.
Aug 22 11:19:19.865 ERROR: velocity: Connection failed. cleanup.
Aug 22 11:19:19.865 ERROR: velocity: specified connector not found: f4f3cac1-057b-468a-8863-7dc2d4889169
Aug 22 11:19:19.865 ERROR: manager: Connection error: SFMLJoystickToVelocity20.velocity?interface_type=fast-rtps&marshaling_type=velocity&fast-rtps.topic=velocity
