Aug 27 07:54:10.042 INFO: manager: 2.0.2
Aug 27 07:54:10.042 INFO: manager: Copyright (C) 2003-2024, Noriaki Ando and OpenRTM development team,
Aug 27 07:54:10.042 INFO: manager:   Intelligent Systems Research Institute, AIST,
Aug 27 07:54:10.042 INFO: manager: Copyright (C) 2024, Noriaki Ando and OpenRTM development team,
Aug 27 07:54:10.042 INFO: manager:   Industrial Cyber-Physical Research Center, AIST,
Aug 27 07:54:10.042 INFO: manager:   All right reserved.
Aug 27 07:54:10.042 INFO: manager: Manager starting.
Aug 27 07:54:10.042 INFO: manager: Starting local logging.
Aug 27 07:54:10.057 WARNING: NamingOnCorba: No endpoint for the CORBA naming service (localhost) was found.
Aug 27 07:54:10.057 INFO: NamingManager: NameServer connection succeeded: corba/localhost
Aug 27 07:54:10.059 INFO: ManagerServant: Named manager reference (INS) was successfully created.
Aug 27 07:54:10.060 WARNING: ManagerServant: Master manager not found
Aug 27 07:54:10.063 INFO: LocalServiceAdmin: All the local services are enabled.
Aug 27 07:54:10.084 INFO: ec_base: setRate(1000000.000000) done
Aug 27 07:54:10.084 INFO: ec_base: setRate(1000.000000) done
Aug 27 07:54:10.084 INFO: SFMLJoystickToVelocity20: 1 execution context was created.
Aug 27 07:54:10.085 INFO: SFMLJoystickToVelocity20: Initial active configuration set is default.
Aug 27 07:54:19.314 WARNING: SdoServiceAdmin: No available SDO service in the factory: 
Aug 27 07:54:20.105 INFO: ManagerServant: Master manager not found
Aug 27 07:54:30.112 INFO: ManagerServant: Master manager not found
Aug 27 07:54:40.122 INFO: ManagerServant: Master manager not found
Aug 27 07:54:50.133 INFO: ManagerServant: Master manager not found
Aug 27 07:55:00.142 INFO: ManagerServant: Master manager not found
Aug 27 07:55:10.154 INFO: ManagerServant: Master manager not found
Aug 27 07:55:20.165 INFO: ManagerServant: Master manager not found
Aug 27 07:55:30.174 INFO: ManagerServant: Master manager not found
Aug 27 07:55:40.183 INFO: ManagerServant: Master manager not found
Aug 27 07:55:51.536 INFO: ManagerServant: Master manager not found
Aug 27 07:56:01.547 INFO: ManagerServant: Master manager not found
Aug 27 07:56:11.558 INFO: ManagerServant: Master manager not found
Aug 27 07:56:21.566 INFO: ManagerServant: Master manager not found
Aug 27 07:56:31.576 INFO: ManagerServant: Master manager not found
Aug 27 07:56:41.589 INFO: ManagerServant: Master manager not found
Aug 27 07:56:51.600 INFO: ManagerServant: Master manager not found
Aug 27 07:57:01.610 INFO: ManagerServant: Master manager not found
Aug 27 07:57:11.619 INFO: ManagerServant: Master manager not found
Aug 27 07:57:21.629 INFO: ManagerServant: Master manager not found
Aug 27 07:57:31.640 INFO: ManagerServant: Master manager not found
Aug 27 07:57:41.649 INFO: ManagerServant: Master manager not found
Aug 27 07:57:51.659 INFO: ManagerServant: Master manager not found
Aug 27 07:58:01.671 INFO: ManagerServant: Master manager not found
Aug 27 07:58:11.680 INFO: ManagerServant: Master manager not found
Aug 27 07:58:21.692 INFO: ManagerServant: Master manager not found
Aug 27 07:58:31.704 INFO: ManagerServant: Master manager not found
Aug 27 07:58:41.715 INFO: ManagerServant: Master manager not found
Aug 27 07:58:51.726 INFO: ManagerServant: Master manager not found
Aug 27 07:59:01.736 INFO: ManagerServant: Master manager not found
Aug 27 07:59:11.748 INFO: ManagerServant: Master manager not found
Aug 27 07:59:21.756 INFO: ManagerServant: Master manager not found
Aug 27 07:59:31.768 INFO: ManagerServant: Master manager not found
Aug 27 07:59:41.776 INFO: ManagerServant: Master manager not found
Aug 27 07:59:51.788 INFO: ManagerServant: Master manager not found
Aug 27 08:00:01.800 INFO: ManagerServant: Master manager not found
Aug 27 08:00:11.811 INFO: ManagerServant: Master manager not found
Aug 27 08:00:21.823 INFO: ManagerServant: Master manager not found
Aug 27 08:00:31.834 INFO: ManagerServant: Master manager not found
Aug 27 08:00:41.847 INFO: ManagerServant: Master manager not found
Aug 27 08:00:51.859 INFO: ManagerServant: Master manager not found
Aug 27 08:01:01.868 INFO: ManagerServant: Master manager not found
Aug 27 08:01:11.879 INFO: ManagerServant: Master manager not found
Aug 27 08:01:21.887 INFO: ManagerServant: Master manager not found
Aug 27 08:01:31.899 INFO: ManagerServant: Master manager not found
Aug 27 08:01:41.911 INFO: ManagerServant: Master manager not found
Aug 27 08:01:51.922 INFO: ManagerServant: Master manager not found
